mode: set
github.com/htet-29/prism_pos/cmd/api/errors.go:5.62,10.2 3 0
github.com/htet-29/prism_pos/cmd/api/errors.go:12.104,15.16 3 1
github.com/htet-29/prism_pos/cmd/api/errors.go:15.16,18.3 2 0
github.com/htet-29/prism_pos/cmd/api/errors.go:21.96,26.2 3 0
github.com/htet-29/prism_pos/cmd/api/errors.go:28.82,31.2 2 1
github.com/htet-29/prism_pos/cmd/api/errors.go:33.95,35.2 1 0
github.com/htet-29/prism_pos/cmd/api/errors.go:37.116,39.2 1 0
github.com/htet-29/prism_pos/cmd/api/healthcheck.go:5.84,15.16 3 0
github.com/htet-29/prism_pos/cmd/api/healthcheck.go:15.16,17.3 1 0
github.com/htet-29/prism_pos/cmd/api/helpers.go:24.69,27.26 3 1
github.com/htet-29/prism_pos/cmd/api/helpers.go:27.26,29.3 1 1
github.com/htet-29/prism_pos/cmd/api/helpers.go:31.2,31.16 1 1
github.com/htet-29/prism_pos/cmd/api/helpers.go:36.112,38.16 2 1
github.com/htet-29/prism_pos/cmd/api/helpers.go:38.16,40.3 1 1
github.com/htet-29/prism_pos/cmd/api/helpers.go:42.2,44.35 2 1
github.com/htet-29/prism_pos/cmd/api/helpers.go:44.35,45.32 1 1
github.com/htet-29/prism_pos/cmd/api/helpers.go:45.32,47.4 1 1
github.com/htet-29/prism_pos/cmd/api/helpers.go:50.2,53.16 4 1
github.com/htet-29/prism_pos/cmd/api/helpers.go:53.16,54.21 1 0
github.com/htet-29/prism_pos/cmd/api/helpers.go:57.2,57.12 1 1
github.com/htet-29/prism_pos/cmd/api/helpers.go:60.89,67.16 5 1
github.com/htet-29/prism_pos/cmd/api/helpers.go:67.16,73.10 5 1
github.com/htet-29/prism_pos/cmd/api/helpers.go:75.37,76.94 1 0
github.com/htet-29/prism_pos/cmd/api/helpers.go:79.44,80.56 1 1
github.com/htet-29/prism_pos/cmd/api/helpers.go:83.44,84.38 1 1
github.com/htet-29/prism_pos/cmd/api/helpers.go:84.38,86.5 1 1
github.com/htet-29/prism_pos/cmd/api/helpers.go:87.4,87.103 1 0
github.com/htet-29/prism_pos/cmd/api/helpers.go:90.31,91.47 1 1
github.com/htet-29/prism_pos/cmd/api/helpers.go:94.63,96.64 2 1
github.com/htet-29/prism_pos/cmd/api/helpers.go:99.39,100.83 1 1
github.com/htet-29/prism_pos/cmd/api/helpers.go:103.47,104.14 1 1
github.com/htet-29/prism_pos/cmd/api/helpers.go:105.11,106.14 1 0
github.com/htet-29/prism_pos/cmd/api/helpers.go:110.2,111.29 2 1
github.com/htet-29/prism_pos/cmd/api/helpers.go:111.29,113.3 1 1
github.com/htet-29/prism_pos/cmd/api/helpers.go:115.2,115.12 1 1
github.com/htet-29/prism_pos/cmd/api/helpers.go:118.57,124.2 1 1
github.com/htet-29/prism_pos/cmd/api/helpers.go:126.55,135.51 2 0
github.com/htet-29/prism_pos/cmd/api/helpers.go:135.51,137.3 1 0
github.com/htet-29/prism_pos/cmd/api/helpers.go:137.8,139.3 1 0
github.com/htet-29/prism_pos/cmd/api/helpers.go:141.2,141.28 1 0
github.com/htet-29/prism_pos/cmd/api/helpers.go:141.28,143.3 1 0
github.com/htet-29/prism_pos/cmd/api/helpers.go:145.2,145.28 1 0
github.com/htet-29/prism_pos/cmd/api/helpers.go:145.28,147.3 1 0
github.com/htet-29/prism_pos/cmd/api/helpers.go:149.2,149.27 1 0
github.com/htet-29/prism_pos/cmd/api/helpers.go:149.27,151.3 1 0
github.com/htet-29/prism_pos/cmd/api/helpers.go:153.2,153.13 1 0
github.com/htet-29/prism_pos/cmd/api/helpers.go:156.96,157.16 1 0
github.com/htet-29/prism_pos/cmd/api/helpers.go:157.16,159.3 1 0
github.com/htet-29/prism_pos/cmd/api/helpers.go:161.2,162.28 2 0
github.com/htet-29/prism_pos/cmd/api/helpers.go:162.28,163.21 1 0
github.com/htet-29/prism_pos/cmd/api/helpers.go:164.16,166.10 2 0
github.com/htet-29/prism_pos/cmd/api/helpers.go:167.16,169.10 2 0
github.com/htet-29/prism_pos/cmd/api/helpers.go:170.11,173.10 3 0
github.com/htet-29/prism_pos/cmd/api/helpers.go:177.2,177.9 1 0
github.com/htet-29/prism_pos/cmd/api/helpers.go:178.37,179.29 1 0
github.com/htet-29/prism_pos/cmd/api/helpers.go:180.48,181.75 1 0
github.com/htet-29/prism_pos/cmd/api/helpers.go:182.10,183.37 1 0
github.com/htet-29/prism_pos/cmd/api/inventory.go:17.83,27.16 3 0
github.com/htet-29/prism_pos/cmd/api/inventory.go:27.16,30.3 2 0
github.com/htet-29/prism_pos/cmd/api/inventory.go:33.2,42.47 3 0
github.com/htet-29/prism_pos/cmd/api/inventory.go:42.47,45.3 2 0
github.com/htet-29/prism_pos/cmd/api/inventory.go:47.2,57.16 4 0
github.com/htet-29/prism_pos/cmd/api/inventory.go:57.16,60.3 2 0
github.com/htet-29/prism_pos/cmd/api/inventory.go:62.2,68.16 5 0
github.com/htet-29/prism_pos/cmd/api/inventory.go:68.16,70.3 1 0
github.com/htet-29/prism_pos/cmd/api/inventory.go:73.81,75.16 2 0
github.com/htet-29/prism_pos/cmd/api/inventory.go:75.16,78.3 2 0
github.com/htet-29/prism_pos/cmd/api/inventory.go:80.2,84.16 4 0
github.com/htet-29/prism_pos/cmd/api/inventory.go:84.16,87.3 2 0
github.com/htet-29/prism_pos/cmd/api/inventory.go:89.2,92.16 3 0
github.com/htet-29/prism_pos/cmd/api/inventory.go:92.16,94.3 1 0
github.com/htet-29/prism_pos/cmd/api/inventory.go:97.83,99.16 2 0
github.com/htet-29/prism_pos/cmd/api/inventory.go:99.16,102.3 2 0
github.com/htet-29/prism_pos/cmd/api/inventory.go:104.2,108.16 4 0
github.com/htet-29/prism_pos/cmd/api/inventory.go:108.16,109.10 1 0
github.com/htet-29/prism_pos/cmd/api/inventory.go:110.38,111.30 1 0
github.com/htet-29/prism_pos/cmd/api/inventory.go:112.49,113.76 1 0
github.com/htet-29/prism_pos/cmd/api/inventory.go:114.11,115.38 1 0
github.com/htet-29/prism_pos/cmd/api/inventory.go:117.3,117.9 1 0
github.com/htet-29/prism_pos/cmd/api/inventory.go:121.2,129.16 3 0
github.com/htet-29/prism_pos/cmd/api/inventory.go:129.16,132.3 2 0
github.com/htet-29/prism_pos/cmd/api/inventory.go:134.2,134.22 1 0
github.com/htet-29/prism_pos/cmd/api/inventory.go:134.22,136.3 1 0
github.com/htet-29/prism_pos/cmd/api/inventory.go:138.2,138.23 1 0
github.com/htet-29/prism_pos/cmd/api/inventory.go:138.23,140.3 1 0
github.com/htet-29/prism_pos/cmd/api/inventory.go:142.2,142.27 1 0
github.com/htet-29/prism_pos/cmd/api/inventory.go:142.27,144.3 1 0
github.com/htet-29/prism_pos/cmd/api/inventory.go:146.2,146.24 1 0
github.com/htet-29/prism_pos/cmd/api/inventory.go:146.24,148.3 1 0
github.com/htet-29/prism_pos/cmd/api/inventory.go:152.2,156.47 3 0
github.com/htet-29/prism_pos/cmd/api/inventory.go:156.47,159.3 2 0
github.com/htet-29/prism_pos/cmd/api/inventory.go:161.2,172.16 4 0
github.com/htet-29/prism_pos/cmd/api/inventory.go:172.16,175.3 2 0
github.com/htet-29/prism_pos/cmd/api/inventory.go:177.2,180.16 3 0
github.com/htet-29/prism_pos/cmd/api/inventory.go:180.16,182.3 1 0
github.com/htet-29/prism_pos/cmd/api/inventory.go:185.83,187.16 2 0
github.com/htet-29/prism_pos/cmd/api/inventory.go:187.16,190.3 2 0
github.com/htet-29/prism_pos/cmd/api/inventory.go:192.2,196.16 4 0
github.com/htet-29/prism_pos/cmd/api/inventory.go:196.16,199.3 2 0
github.com/htet-29/prism_pos/cmd/api/inventory.go:201.2,202.16 2 0
github.com/htet-29/prism_pos/cmd/api/inventory.go:202.16,204.3 1 0
github.com/htet-29/prism_pos/cmd/api/main.go:39.13,55.21 10 0
github.com/htet-29/prism_pos/cmd/api/main.go:55.21,58.3 2 0
github.com/htet-29/prism_pos/cmd/api/main.go:60.2,66.16 5 0
github.com/htet-29/prism_pos/cmd/api/main.go:66.16,69.3 2 0
github.com/htet-29/prism_pos/cmd/api/main.go:70.2,83.16 6 0
github.com/htet-29/prism_pos/cmd/api/main.go:83.16,86.3 2 0
github.com/htet-29/prism_pos/cmd/api/main.go:89.73,91.16 2 0
github.com/htet-29/prism_pos/cmd/api/main.go:91.16,93.3 1 0
github.com/htet-29/prism_pos/cmd/api/main.go:95.2,100.16 5 0
github.com/htet-29/prism_pos/cmd/api/main.go:100.16,102.3 1 0
github.com/htet-29/prism_pos/cmd/api/main.go:104.2,108.16 4 0
github.com/htet-29/prism_pos/cmd/api/main.go:108.16,111.3 2 0
github.com/htet-29/prism_pos/cmd/api/main.go:113.2,113.18 1 0
github.com/htet-29/prism_pos/cmd/api/routes.go:9.51,12.2 2 1
github.com/htet-29/prism_pos/cmd/api/routes.go:14.47,29.2 9 1
github.com/htet-29/prism_pos/cmd/api/server.go:15.40,26.12 3 1
github.com/htet-29/prism_pos/cmd/api/server.go:26.12,39.17 8 1
github.com/htet-29/prism_pos/cmd/api/server.go:39.17,41.4 1 0
github.com/htet-29/prism_pos/cmd/api/server.go:43.3,46.23 3 1
github.com/htet-29/prism_pos/cmd/api/server.go:49.2,52.43 3 1
github.com/htet-29/prism_pos/cmd/api/server.go:52.43,54.3 1 0
github.com/htet-29/prism_pos/cmd/api/server.go:56.2,57.16 2 1
github.com/htet-29/prism_pos/cmd/api/server.go:57.16,59.3 1 0
github.com/htet-29/prism_pos/cmd/api/server.go:61.2,63.12 2 1
github.com/htet-29/prism_pos/internal/validator/validator.go:15.23,17.2 1 1
github.com/htet-29/prism_pos/internal/validator/validator.go:19.34,21.2 1 1
github.com/htet-29/prism_pos/internal/validator/validator.go:23.51,24.41 1 1
github.com/htet-29/prism_pos/internal/validator/validator.go:24.41,26.3 1 1
github.com/htet-29/prism_pos/internal/validator/validator.go:29.57,30.9 1 1
github.com/htet-29/prism_pos/internal/validator/validator.go:30.9,32.3 1 1
github.com/htet-29/prism_pos/internal/validator/validator.go:35.71,37.2 1 1
github.com/htet-29/prism_pos/internal/validator/validator.go:39.52,41.2 1 1
github.com/htet-29/prism_pos/internal/validator/validator.go:43.44,46.31 2 1
github.com/htet-29/prism_pos/internal/validator/validator.go:46.31,48.3 1 1
github.com/htet-29/prism_pos/internal/validator/validator.go:50.2,50.41 1 1
github.com/htet-29/prism_pos/internal/vcs/vcs.go:6.23,8.8 2 0
github.com/htet-29/prism_pos/internal/vcs/vcs.go:8.8,10.3 1 0
github.com/htet-29/prism_pos/internal/vcs/vcs.go:12.2,12.11 1 0
github.com/htet-29/prism_pos/internal/assert/assert.go:10.60,13.52 2 0
github.com/htet-29/prism_pos/internal/assert/assert.go:13.52,17.3 3 0
github.com/htet-29/prism_pos/internal/data/db.go:20.28,22.2 1 0
github.com/htet-29/prism_pos/internal/data/db.go:28.46,32.2 1 0
github.com/htet-29/prism_pos/internal/data/inventory.sql.go:27.92,47.2 4 0
github.com/htet-29/prism_pos/internal/data/inventory.sql.go:54.67,57.2 2 0
github.com/htet-29/prism_pos/internal/data/inventory.sql.go:64.81,79.2 4 0
github.com/htet-29/prism_pos/internal/data/inventory.sql.go:97.92,119.2 4 0
github.com/htet-29/prism_pos/internal/domain/inventory.go:23.56,34.2 6 0
